[15:08:15] [ServerMain/INFO]: Environment: Environment[sessionHost=https://sessionserver.mojang.com, servicesHost=https://api.minecraftservices.com, profilesHost=https://api.mojang.com, name=PROD]
[15:08:17] [ServerMain/INFO]: Loaded 1585 recipes
[15:08:17] [ServerMain/INFO]: Loaded 1688 advancements
[15:08:18] [Server thread/INFO]: Starting minecraft server version 26.2
[15:08:18] [Server thread/INFO]: Loading properties
[15:08:18] [Server thread/INFO]: Default game type: SURVIVAL
[15:08:18] [Server thread/INFO]: Generating keypair
[15:08:18] [Server thread/INFO]: Starting Minecraft server on *:25565
[15:08:18] [Server thread/WARN]: **** SERVER IS RUNNING IN OFFLINE/INSECURE MODE!
[15:08:18] [Server thread/WARN]: The server will make no attempt to authenticate usernames. Beware.
[15:08:18] [Server thread/WARN]: While this makes the game possible to play without internet access, it also opens up the ability for hackers to connect with any username they choose.
[15:08:18] [Server thread/WARN]: To change this, set "online-mode" to "true" in the server.properties file.
[15:08:18] [Server thread/INFO]: Preparing level "world"
[15:08:18] [Server thread/INFO]: Loading 0 persistent chunks...
[15:08:18] [Server thread/INFO]: Preparing spawn area: 100%
[15:08:18] [Server thread/INFO]: Time elapsed: 18 ms
[15:08:18] [Server thread/INFO]: Done (0.380s)! For help, type "help"
[15:08:18] [Server thread/INFO]: Saving chunks for level 'ServerLevel[world]'/minecraft:overworld
[15:08:18] [Server thread/INFO]: Saving chunks for level 'ServerLevel[world]'/minecraft:the_end
[15:08:18] [Server thread/INFO]: Saving chunks for level 'ServerLevel[world]'/minecraft:the_nether
[15:08:18] [Server thread/INFO]: ThreadedAnvilChunkStorage (world): All chunks are saved
[15:08:18] [Server thread/INFO]: ThreadedAnvilChunkStorage (DIM1): All chunks are saved
[15:08:18] [Server thread/INFO]: ThreadedAnvilChunkStorage (DIM-1): All chunks are saved
[15:08:18] [Server thread/INFO]: ThreadedAnvilChunkStorage: All dimensions are saved
[15:09:18] [Server thread/INFO]: Server empty for 60 seconds, pausing
[15:12:00] [Server thread/INFO]: OpZero[/127.4.134.30:38295] logged in with entity id 88 at (574.621102631728, 67.84375002384186, 1380.9828657722335)
[15:12:00] [Server thread/INFO]: OpZero joined the game
[15:12:30] [Server thread/INFO]: OpZero lost connection: Timed out
[15:12:30] [Server thread/INFO]: OpZero left the game
[15:12:56] [Server thread/INFO]: OpZero[/127.4.134.30:58065] logged in with entity id 1326 at (574.621102631728, 67.84375002384186, 1380.9828657722335)
[15:12:56] [Server thread/INFO]: OpZero joined the game
[15:13:26] [Server thread/INFO]: OpZero lost connection: Timed out
[15:13:26] [Server thread/INFO]: OpZero left the game
[15:14:25] [Server thread/INFO]: OpZero[/127.4.134.30:50855] logged in with entity id 2555 at (574.621102631728, 67.84375002384186, 1380.9828657722335)
[15:14:25] [Server thread/INFO]: OpZero joined the game
[15:14:55] [Server thread/INFO]: OpZero lost connection: Timed out
[15:14:55] [Server thread/INFO]: OpZero left the game
[15:15:55] [Server thread/INFO]: Server empty for 60 seconds, pausing
[15:16:25] [Server thread/INFO]: OpZero (9a16da6e-85ad-3c14-99f4-93deac048270) lost connection: Timed out
[15:16:37] [Server thread/INFO]: OpZero[/127.4.134.30:57545] logged in with entity id 3783 at (574.621102631728, 67.84375002384186, 1380.9828657722335)
[15:16:37] [Server thread/INFO]: OpZero joined the game
[15:18:00] [Server thread/WARN]: Horse (vehicle of OpZero) moved too quickly! -0.7955346685882887,-1.0,-10.456784847396648
[15:18:00] [Server thread/WARN]: Horse (vehicle of OpZero) moved too quickly! -0.8417412939278393,-1.0,-11.064140829201051
[15:18:00] [Server thread/WARN]: Horse (vehicle of OpZero) moved too quickly! -0.888120711603051,-1.0,-11.673768053666208
[15:18:00] [Server thread/WARN]: Horse (vehicle of OpZero) moved too quickly! -0.9345944739045535,-1.0,-12.284635376768392
[15:18:00] [Server thread/WARN]: Horse (vehicle of OpZero) moved too quickly! -0.9811197483779779,0.0,-12.896179793805004
[15:18:00] [Server thread/WARN]: Horse (vehicle of OpZero) moved too quickly! -1.0276731485005257,0.0,-13.50809390417271
[15:18:00] [Server thread/WARN]: Horse (vehicle of OpZero) moved too quickly! -1.0742419052292007,0.0,-14.12020986712264
[15:18:00] [Server thread/WARN]: Horse (vehicle of OpZero) moved too quickly! -1.120819046665929,0.0,-14.732436041595292
[15:18:00] [Server thread/WARN]: Horse (vehicle of OpZero) moved too quickly! -1.167400766153719,0.0,-15.344722391566393
[15:18:00] [Server thread/WARN]: Horse (vehicle of OpZero) moved too quickly! -1.213984985257639,0.0,-15.957041597363286
[15:18:00] [Server thread/WARN]: Horse (vehicle of OpZero) moved too quickly! -1.2605705691521507,0.0,-16.569378742443405
[15:18:00] [Server thread/WARN]: Horse (vehicle of OpZero) moved too quickly! -1.307156898222388,0.0,-17.1817256823731
[15:18:00] [Server thread/WARN]: Horse (vehicle of OpZero) moved too quickly! -1.3537436341587181,0.0,-17.794077970291255
[15:18:00] [Server thread/WARN]: Horse (vehicle of OpZero) moved too quickly! -1.400330592243904,0.0,-18.4064331782115
[15:18:00] [Server thread/WARN]: Horse (vehicle of OpZero) moved too quickly! -1.4469176716223728,0.0,-19.01878998045322
[15:18:00] [Server thread/WARN]: Horse (vehicle of OpZero) moved too quickly! -1.493504817226949,0.0,-19.631147653194375
[15:18:00] [Server thread/WARN]: Horse (vehicle of OpZero) moved too quickly! -1.540091998990988,0.0,-20.243505801228366
[15:18:00] [Server thread/WARN]: Horse (vehicle of OpZero) moved too quickly! -1.5866792004981107,0.0,-20.855864208772346
[15:18:00] [Server thread/WARN]: Horse (vehicle of OpZero) moved too quickly! -1.6332664127850194,0.0,-21.46822275800878
[15:18:00] [Server thread/WARN]: Horse (vehicle of OpZero) moved too quickly! -1.6798536309576093,0.0,-22.080581384609104
[15:18:00] [Server thread/WARN]: Horse (vehicle of OpZero) moved too quickly! -0.9767963396525374,1.0,-12.839351403247747
[15:18:00] [Server thread/WARN]: Horse (vehicle of OpZero) moved too quickly! -1.0233835627933558,1.0,-13.451710095152293
[15:18:00] [Server thread/WARN]: Horse (vehicle of OpZero) moved too quickly! -1.0699707868922133,1.0,-14.064068799649704
[15:18:00] [Server thread/WARN]: Horse (vehicle of OpZero) moved too quickly! -1.1165580115141438,1.0,-14.676427511022666
[15:18:00] [Server thread/WARN]: Horse (vehicle of OpZero) moved too quickly! -1.1631452364217694,1.0,-15.288786226149568
[15:18:00] [Server thread/WARN]: Horse (vehicle of OpZero) moved too quickly! -1.2486789067779682,1.0,-15.895394501205146
[15:18:00] [Server thread/WARN]: Horse (vehicle of OpZero) moved too quickly! -1.3594644329511993,1.0,-16.497952235409684
[15:18:00] [Server thread/WARN]: Horse (vehicle of OpZero) moved too quickly! -1.517823668844244,1.0,-17.08802113558022
[15:18:00] [Server thread/WARN]: Horse (vehicle of OpZero) moved too quickly! -1.7485659132872797,1.0,-17.648780435579283
[15:18:00] [Server thread/WARN]: Horse (vehicle of OpZero) moved too quickly! -2.0750010755068615,1.0,-18.14875186509562
[15:18:00] [Server thread/WARN]: Horse (vehicle of OpZero) moved too quickly! -2.4781952664238815,1.0,-18.586448497186666
[15:18:00] [Server thread/WARN]: Horse (vehicle of OpZero) moved too quickly! -2.8198242275133225,1.0,-18.948323536377757
[15:18:00] [Server thread/WARN]: Horse (vehicle of OpZero) moved too quickly! -3.0706915027978994,1.0,-19.267574806353878
[15:18:00] [Server thread/WARN]: Horse (vehicle of OpZero) moved too quickly! -3.4585323262975862,1.0,-19.563553495635688
[15:18:00] [Server thread/WARN]: Horse (vehicle of OpZero) moved too quickly! -3.921160715809606,1.0,-19.84682535438219
[15:18:00] [Server thread/WARN]: Horse (vehicle of OpZero) moved too quickly! -4.424623121107288,1.0,-20.123159282850793
[15:18:00] [Server thread/WARN]: Horse (vehicle of OpZero) moved too quickly! -4.950380901613585,1.0,-20.395705100947453
[15:18:00] [Server thread/WARN]: Horse (vehicle of OpZero) moved too quickly! -5.484635121477709,1.0,-20.67348899609169
[15:18:00] [Server thread/WARN]: Horse (vehicle of OpZero) moved too quickly! -6.012009482322696,1.0,-20.97414323996304
[15:18:00] [Server thread/WARN]: Horse (vehicle of OpZero) moved too quickly! -6.515770213673818,1.0,-21.314826837940245
[15:18:00] [Server thread/WARN]: Horse (vehicle of OpZero) moved too quickly! -6.9922186711962695,1.0,-21.693654493726854
[15:18:00] [Server thread/WARN]: Horse (vehicle of OpZero) moved too quickly! -7.418083766703035,1.0,-22.12471049179908
[15:18:00] [Server thread/WARN]: Horse (vehicle of OpZero) moved too quickly! -7.800673324496643,1.0,-22.595050506331063
[15:18:00] [Server thread/WARN]: Horse (vehicle of OpZero) moved too quickly! -8.152677049778731,1.0,-23.091140429286952
[15:18:00] [Server thread/WARN]: Horse (vehicle of OpZero) moved too quickly! -8.487980908569739,1.0,-23.60128980387526
[15:18:00] [Server thread/WARN]: Horse (vehicle of OpZero) moved too quickly! -8.797535794021087,1.0,-24.128307632535098
[15:18:00] [Server thread/WARN]: Horse (vehicle of OpZero) moved too quickly! -9.017350370957274,1.0,-24.690207121851017
[15:18:00] [Server thread/WARN]: Horse (vehicle of OpZero) moved too quickly! -9.147658233532525,1.0,-25.275628574972643
[15:18:00] [Server thread/WARN]: Horse (vehicle of OpZero) moved too quickly! -9.229095424390152,1.0,-25.873893021823733
[15:18:00] [Server thread/WARN]: Horse (vehicle of OpZero) moved too quickly! -9.283849225390668,1.0,-26.479169744065757
[15:18:00] [Server thread/WARN]: Horse (vehicle of OpZero) moved too quickly! -9.32403389383694,1.0,-27.088275169115832
[15:18:00] [Server thread/WARN]: Horse (vehicle of OpZero) moved too quickly! -9.356263814984686,1.0,-27.699471066141996
[15:18:00] [Server thread/WARN]: Horse (vehicle of OpZero) moved too quickly! -9.384150443602834,1.0,-28.31180836099975
[15:18:01] [Server thread/WARN]: Horse (vehicle of OpZero) moved too quickly! -9.409665634224439,1.0,-28.924768859145843
[15:18:01] [Server thread/WARN]: Horse (vehicle of OpZero) moved too quickly! -9.433886019549504,1.0,-29.538069626326887
[15:18:01] [Server thread/WARN]: Horse (vehicle of OpZero) moved too quickly! -9.45739944110062,1.0,-30.15155618042263
[15:18:01] [Server thread/WARN]: Horse (vehicle of OpZero) moved too quickly! -9.480526860386249,0.9375,-30.76514417418548
[15:18:01] [Server thread/WARN]: Horse (vehicle of OpZero) moved too quickly! -9.503443522410521,0.9375,-31.378787554013115
[15:18:01] [Server thread/WARN]: Horse (vehicle of OpZero) moved too quickly! -9.526245110956665,1.0,-31.992461174635537
[15:18:01] [Server thread/WARN]: Horse (vehicle of OpZero) moved too quickly! -9.548983869376457,1.0,-32.606151306733864
[15:18:01] [Server thread/WARN]: Horse (vehicle of OpZero) moved too quickly! -9.57168832254331,1.0,-33.21985045409929
[15:18:01] [Server thread/WARN]: Horse (vehicle of OpZero) moved too quickly! -9.590286031208507,1.0,-33.83367547413309
[15:18:01] [Server thread/WARN]: Horse (vehicle of OpZero) moved too quickly! -9.58219616706424,0.9375,-34.447040648754864
[15:18:01] [Server thread/WARN]: Horse (vehicle of OpZero) moved too quickly! -9.539249801548408,0.9375,-35.05807727041247
[15:18:01] [Server thread/WARN]: Horse (vehicle of OpZero) moved too quickly! -9.477271784073196,0.9375,-35.66784250200385
[15:18:01] [Server thread/WARN]: Horse (vehicle of OpZero) moved too quickly! -9.396845376541364,0.9375,-36.27566901916066
[15:18:01] [Server thread/WARN]: Horse (vehicle of OpZero) moved too quickly! -9.260363221145553,0.9375,-36.870540972891376
[15:18:01] [Server thread/WARN]: Horse (vehicle of OpZero) moved too quickly! -9.069348768580653,1.0,-37.448651642472214
[15:18:01] [Server thread/WARN]: Horse (vehicle of OpZero) moved too quickly! -8.848559678303104,1.0,-38.01761064984407
[15:18:01] [Server thread/WARN]: Horse (vehicle of OpZero) moved too quickly! -8.61151363394606,1.0,-38.58157284906952
[15:18:01] [Server thread/WARN]: Horse (vehicle of OpZero) moved too quickly! -8.365591291630608,1.0,-39.14280679073022
[15:18:02] [Server thread/WARN]: Horse (vehicle of OpZero) moved too quickly! -8.103815436492027,1.0,-39.69719325979668
[15:18:02] [Server thread/WARN]: Horse (vehicle of OpZero) moved too quickly! -7.796410933660923,1.0,-40.22502246021736
[15:18:02] [Server thread/WARN]: Horse (vehicle of OpZero) moved too quickly! -7.430154303707695,1.0,-40.709098194683065
[15:18:02] [Server thread/WARN]: Horse (vehicle of OpZero) moved too quickly! -7.031764408613526,1.0,-41.16928453396258
[15:18:02] [Server thread/WARN]: Horse (vehicle of OpZero) moved too quickly! -6.60116236882061,1.0,-41.60036230579203
[15:18:02] [Server thread/WARN]: Horse (vehicle of OpZero) moved too quickly! -6.131951866681902,1.0,-41.987169669644345
[15:18:02] [Server thread/WARN]: Horse (vehicle of OpZero) moved too quickly! -5.616753383391483,1.0,-42.301572288303305
[15:18:02] [Server thread/WARN]: Horse (vehicle of OpZero) moved too quickly! -5.074969011225335,0.9375,-42.572656588209384
[15:18:02] [Server thread/WARN]: Horse (vehicle of OpZero) moved too quickly! -4.507872869613379,0.9375,-42.7850389010116
[15:18:02] [Server thread/WARN]: Horse (vehicle of OpZero) moved too quickly! -3.922556686819348,1.0,-42.94267684755482
[15:18:02] [Server thread/WARN]: Horse (vehicle of OpZero) moved too quickly! -3.3241942669818627,1.0,-43.024390204155225
[15:18:02] [Server thread/WARN]: Horse (vehicle of OpZero) moved too quickly! -2.71944143227347,1.0,-43.04836156555211
[15:18:02] [Server thread/WARN]: Horse (vehicle of OpZero) moved too quickly! -2.1111994306403403,1.0,-43.04080579390575
[15:18:02] [Server thread/WARN]: Horse (vehicle of OpZero) moved too quickly! -1.5015072784270842,1.0,-43.010628962973215
[15:18:02] [Server thread/WARN]: Horse (vehicle of OpZero) moved too quickly! -0.9078539366109908,0.9215999984741217,-42.895481585691414
[15:18:02] [Server thread/WARN]: Horse (vehicle of OpZero) moved too quickly! -0.5596290373223383,0.7663679939575161,-42.81857636322252
[15:18:02] [Server thread/WARN]: Horse (vehicle of OpZero) moved too quickly! -0.21944075565590992,0.5358406250445569,-42.7332874859153
[15:18:02] [Server thread/WARN]: Horse (vehicle of OpZero) moved too quickly! 0.11208611775089139,0.23152379758701613,-42.638491586488044
[15:18:02] [Server thread/WARN]: Horse (vehicle of OpZero) moved too quickly! 0.4305045195014827,0.0,-42.52992384658569
[15:18:02] [Server thread/WARN]: Horse (vehicle of OpZero) moved too quickly! 0.8685031340104388,0.0,-42.1949997123736
[15:18:02] [Server thread/WARN]: Horse (vehicle of OpZero) moved too quickly! 1.251264599574938,0.0,-41.77316302132863
[15:18:02] [Server thread/WARN]: Horse (vehicle of OpZero) moved too quickly! 1.6038665783125907,0.0,-41.30387206874116
[15:18:02] [Server thread/WARN]: Horse (vehicle of OpZero) moved too quickly! 1.9400014753300638,-0.07840000152587834,-40.80867108634175
[15:18:03] [Server thread/WARN]: Horse (vehicle of OpZero) moved too quickly! 2.137892569845576,-0.2336320060424839,-40.51439450929388
[15:18:03] [Server thread/WARN]: Horse (vehicle of OpZero) moved too quickly! 2.336490576370579,-0.4641593749554431,-40.2257601559902
[15:18:03] [Server thread/WARN]: Horse (vehicle of OpZero) moved too quickly! 2.541235982112994,-0.7684762024129839,-39.948950511474095
[15:18:03] [Server thread/WARN]: Horse (vehicle of OpZero) moved too quickly! 2.754121696969605,-1.1451067006516382,-39.68859770409472
[15:18:03] [Server thread/WARN]: Horse (vehicle of OpZero) moved too quickly! 2.9744150933336186,-1.5926045976350593,-39.44322061894104
[15:18:03] [Server thread/WARN]: Horse (vehicle of OpZero) moved too quickly! 3.2014494800637294,-2.1095525467400336,-39.21147144140582
[15:18:03] [Server thread/WARN]: Horse (vehicle of OpZero) moved too quickly! 3.4080507779423215,-2.6945615482487852,-39.000579683770866
[15:18:03] [Server thread/WARN]: Horse (vehicle of OpZero) moved too quickly! 3.5960579644302015,-3.0,-38.80866817879223
[15:18:03] [Server thread/WARN]: Horse (vehicle of OpZero) moved too quickly! 3.767144509064792,-3.0,-38.63402870422851
[15:18:03] [Server thread/WARN]: Horse (vehicle of OpZero) moved too quickly! 3.86055777328545,-3.0,-38.53867554004114
[15:18:03] [Server thread/WARN]: Horse (vehicle of OpZero) moved too quickly! 3.9115614214741754,-3.0,-38.486612706347614
[15:18:03] [Server thread/WARN]: Horse (vehicle of OpZero) moved too quickly! 3.93940941661981,-3.0,-38.458186395849225
[15:18:03] [Server thread/WARN]: Horse (vehicle of OpZero) moved too quickly! 3.954614423735393,-3.0,-38.442665628514305
[15:18:03] [Server thread/WARN]: Horse (vehicle of OpZero) moved too quickly! 3.9629163585848346,-3.0,-38.434191288565216
[15:18:03] [Server thread/WARN]: Horse (vehicle of OpZero) moved too quickly! 3.967449215539091,-3.0,-38.42956429841547
[15:18:03] [Server thread/WARN]: Horse (vehicle of OpZero) moved too quickly! 3.967449215539091,-3.0,-38.42956429841547
[15:18:03] [Server thread/WARN]: Horse (vehicle of OpZero) moved too quickly! 3.967449215539091,-3.0,-38.42956429841547
[15:18:04] [Server thread/WARN]: Horse (vehicle of OpZero) moved too quickly! 3.967449215539091,-3.0,-38.42956429841547
[15:18:04] [Server thread/WARN]: Horse (vehicle of OpZero) moved too quickly! 4.230081943531104,-3.0,-38.33598706381599
[15:18:04] [Server thread/WARN]: Horse (vehicle of OpZero) moved too quickly! 4.649842779061487,-3.0,-38.24803317721535
[15:18:04] [Server thread/WARN]: Horse (vehicle of OpZero) moved too quickly! 5.155395571272834,-3.0,-38.163149638978894
[15:18:04] [Server thread/WARN]: Horse (vehicle of OpZero) moved too quickly! 5.431427427882113,-3.0,-38.116803221718556
[15:18:04] [Server thread/WARN]: Horse (vehicle of OpZero) moved too quickly! 5.582140839096496,-3.0625,-38.0914980749551
[15:18:04] [Server thread/WARN]: Horse (vehicle of OpZero) moved too quickly! 5.664430371177673,-3.0625,-38.07768146321746
[15:18:04] [Server thread/WARN]: Horse (vehicle of OpZero) moved too quickly! 5.709360460912762,-3.0625,-38.07013759233246
[15:18:04] [Server thread/WARN]: Horse (vehicle of OpZero) moved too quickly! 5.7338922927575595,-3.0625,-38.0660186383509
[15:18:04] [Server thread/WARN]: Horse (vehicle of OpZero) moved too quickly! 5.747286674500629,-3.0625,-38.0660186383509
[15:18:04] [Server thread/WARN]: Horse (vehicle of OpZero) moved too quickly! 5.754600007781846,-3.0625,-38.0660186383509
[15:18:04] [Server thread/WARN]: Horse (vehicle of OpZero) moved too quickly! 5.75859308821714,-3.0625,-38.0660186383509
[15:18:04] [Server thread/WARN]: Horse (vehicle of OpZero) moved too quickly! 5.75859308821714,-3.0625,-38.0660186383509
[15:18:04] [Server thread/WARN]: Horse (vehicle of OpZero) moved too quickly! 5.980175825190145,-3.0,-38.23524764677768
[15:18:04] [Server thread/WARN]: Horse (vehicle of OpZero) moved too quickly! 6.315989374633432,-3.0,-38.5053703963581
[15:18:04] [Server thread/WARN]: Horse (vehicle of OpZero) moved too quickly! 6.714172954929836,-3.0,-38.83058113500715
[15:18:04] [Server thread/WARN]: Horse (vehicle of OpZero) moved too quickly! 7.146410576027506,-3.0,-39.18586991918119
[15:18:04] [Server thread/WARN]: Horse (vehicle of OpZero) moved too quickly! 7.597241705562396,-3.0,-39.557581318119446
[15:18:04] [Server thread/WARN]: Horse (vehicle of OpZero) moved too quickly! 8.058224891883128,-3.0,-39.93825946576044
[15:18:04] [Server thread/WARN]: Horse (vehicle of OpZero) moved too quickly! 8.524751101852871,-2.0,-40.32383345876178
[15:18:04] [Server thread/WARN]: Horse (vehicle of OpZero) moved too quickly! 8.783691397486677,-2.0,-40.7120805836405
[15:18:04] [Server thread/WARN]: Horse (vehicle of OpZero) moved too quickly! 8.783691397486677,-2.0,-41.104919267322884
[15:18:05] [Server thread/WARN]: Horse (vehicle of OpZero) moved too quickly! 8.783691397486677,-2.0,-41.319409213527024
[15:18:05] [Server thread/WARN]: Horse (vehicle of OpZero) moved too quickly! 8.783691397486677,-2.0,-41.43652073775729
[15:18:05] [Server thread/WARN]: Horse (vehicle of OpZero) moved too quickly! 8.689193341650821,-2.0,-41.60295490152748
[15:18:05] [Server thread/WARN]: Horse (vehicle of OpZero) moved too quickly! 8.543099341335619,-2.0,-41.79631922961448
[15:18:05] [Server thread/WARN]: Horse (vehicle of OpZero) moved too quickly! 8.36883395206246,-2.0,-42.004387429126155
[15:18:05] [Server thread/WARN]: Horse (vehicle of OpZero) moved too quickly! 8.181209477260268,-2.0,-42.222312440510905
[15:18:05] [Server thread/WARN]: Horse (vehicle of OpZero) moved too quickly! 8.031612948185739,-2.0,-42.47248977243862
[15:18:05] [Server thread/WARN]: Horse (vehicle of OpZero) moved too quickly! 7.930443576398716,-2.0,-42.74712462655316
[15:18:05] [Server thread/WARN]: Horse (vehicle of OpZero) moved too quickly! 7.875205092986903,-2.0,-42.897075274316876
[15:18:05] [Server thread/WARN]: Horse (vehicle of OpZero) moved too quickly! 7.845044877540886,-2.0,-42.9789483375057
[15:18:05] [Server thread/WARN]: Horse (vehicle of OpZero) moved too quickly! 7.82857739799465,-2.0,-43.02365103519901
[15:18:05] [Server thread/WARN]: Horse (vehicle of OpZero) moved too quickly! 7.819586153118053,-2.0,-43.0480587109746
[15:18:05] [Server thread/WARN]: Horse (vehicle of OpZero) moved too quickly! 7.8146769328451455,-2.0,-43.06138530349608
[15:18:05] [Server thread/WARN]: Horse (vehicle of OpZero) moved too quickly! 7.7353366641343655,-2.0,-42.95404173197744
[15:18:05] [Server thread/WARN]: Horse (vehicle of OpZero) moved too quickly! 7.592435130170088,-2.0,-42.79788237676598
[15:18:05] [Server thread/WARN]: Horse (vehicle of OpZero) moved too quickly! 7.409297076229905,-2.0784000015258783,-42.62105744801056
[15:18:05] [Server thread/WARN]: Horse (vehicle of OpZero) moved too quickly! 7.298704129683415,-2.233632006042484,-42.51545705491958
[15:18:05] [Server thread/WARN]: Horse (vehicle of OpZero) moved too quickly! 7.1874649879449635,-2.464159374955443,-42.4103067236606
[15:18:12] [Server thread/WARN]: Horse (vehicle of OpZero) moved too quickly! 7.07563780856492,-2.768476202412984,-42.30556594868085
[15:18:12] [Server thread/WARN]: Horse (vehicle of OpZero) moved too quickly! 6.97929265265293,-3.0,-42.18842310652735
[15:18:12] [Server thread/WARN]: Horse (vehicle of OpZero) moved too quickly! 6.940441561108855,-3.0,-41.86227644294945
[15:18:12] [Server thread/WARN]: Horse (vehicle of OpZero) moved too quickly! 6.956220087313568,-3.0,-41.462353084569486
[15:18:12] [Server thread/WARN]: Horse (vehicle of OpZero) moved too quickly! 6.998568025252553,-3.0,-41.021628767410675
[15:18:12] [Server thread/WARN]: Horse (vehicle of OpZero) moved too quickly! 7.182364607949808,-3.0,-40.5531467838141
[15:18:12] [Server thread/WARN]: Horse (vehicle of OpZero) moved too quickly! 7.446717196962709,-3.0,-40.071890760563974
[15:18:12] [Server thread/WARN]: Horse (vehicle of OpZero) moved too quickly! 7.757250501952626,-3.0,-39.58527484265824
[15:18:12] [Server thread/WARN]: Horse (vehicle of OpZero) moved too quickly! 8.103700225352213,-3.0,-39.10409014306697
[15:18:12] [Server thread/WARN]: Horse (vehicle of OpZero) moved too quickly! 8.48796131300935,-3.0,-38.64219978214078
[15:18:12] [Server thread/WARN]: Horse (vehicle of OpZero) moved too quickly! 8.95604876711593,-3.0,-38.28501639571596
[15:18:12] [Server thread/WARN]: Horse (vehicle of OpZero) moved too quickly! 9.477708862850932,-3.0,-38.006734082786124
[15:18:12] [Server thread/WARN]: Horse (vehicle of OpZero) moved too quickly! 10.028619624312569,-3.0,-37.77153176098841
[15:18:12] [Server thread/WARN]: Horse (vehicle of OpZero) moved too quickly! 10.595501251116048,-3.0,-37.55985111708105
[15:18:12] [Server thread/WARN]: Horse (vehicle of OpZero) moved too quickly! 11.171102971409027,-3.0,-37.361013310793396
[15:18:12] [Server thread/WARN]: Horse (vehicle of OpZero) moved too quickly! 11.751465863300268,-3.0,-37.16918769466065
[15:18:12] [Server thread/WARN]: Horse (vehicle of OpZero) moved too quickly! 12.334428355186105,-3.0,-36.98119073479734
[15:18:12] [Server thread/WARN]: Horse (vehicle of OpZero) moved too quickly! 12.918810228833877,-3.0,-36.79528422149974
[15:18:12] [Server thread/WARN]: Horse (vehicle of OpZero) moved too quickly! 13.503967085013642,-3.0,-36.61051909215962
[15:18:12] [Server thread/WARN]: Horse (vehicle of OpZero) moved too quickly! 14.089951130266172,-3.0,-36.427679227580484
[15:18:12] [Server thread/WARN]: Horse (vehicle of OpZero) moved too quickly! 14.656729350610362,-3.0,-36.198211680793065
[15:18:12] [Server thread/WARN]: Horse (vehicle of OpZero) moved too quickly! 15.196956066987127,-3.0,-35.916469192347904
[15:18:12] [Server thread/WARN]: Horse (vehicle of OpZero) moved too quickly! 15.713972284244164,-3.0,-35.594046789505
[15:18:12] [Server thread/WARN]: Horse (vehicle of OpZero) moved too quickly! 16.214144093919117,-3.0,-35.24405587206343
[15:18:12] [Server thread/WARN]: Horse (vehicle of OpZero) moved too quickly! 16.660977202971253,-3.0,-34.83491318528104
[15:18:12] [Server thread/WARN]: Horse (vehicle of OpZero) moved too quickly! 17.043861061088137,-3.0,-34.36978974885528
[15:18:12] [Server thread/WARN]: Horse (vehicle of OpZero) moved too quickly! 17.372583038185667,-3.0,-33.86401630726277
[15:18:12] [Server thread/WARN]: Horse (vehicle of OpZero) moved too quickly! 17.67173262481174,-3.0,-33.336047960271344
[15:18:12] [Server thread/WARN]: Horse (vehicle of OpZero) moved too quickly! 17.949787805364736,-3.0,-32.793668538264455
[15:18:12] [Server thread/WARN]: Horse (vehicle of OpZero) moved too quickly! 18.193620354331756,-3.0,-32.23434485658436
[15:18:12] [Server thread/WARN]: Horse (vehicle of OpZero) moved too quickly! 18.38742410767395,-3.0,-31.656826894792403
[15:18:12] [Server thread/WARN]: Horse (vehicle of OpZero) moved too quickly! 18.553912135432256,-3.0,-31.069374854905618
[15:18:12] [Server thread/WARN]: Horse (vehicle of OpZero) moved too quickly! 18.70548577528939,-3.0,-30.47649880774884
[15:18:12] [Server thread/WARN]: Horse (vehicle of OpZero) moved too quickly! 18.84758482396512,-3.0,-29.880367734173888
[15:18:12] [Server thread/WARN]: Horse (vehicle of OpZero) moved too quickly! 18.938744882626793,-3.0,-29.276397840002574
[15:18:12] [Server thread/WARN]: Horse (vehicle of OpZero) moved too quickly! 18.991218067012937,-3.0,-28.667829353682464
[15:18:23] [Server thread/INFO]: OpZero lost connection: Timed out
[15:18:23] [Server thread/INFO]: OpZero left the game
[15:19:23] [Server thread/INFO]: Server empty for 60 seconds, pausing
[15:19:23] [Server thread/INFO]: OpZero[/127.4.134.30:43131] logged in with entity id 5250 at (589.5180664150133, 67.84375002384186, 1389.1325060073013)
[15:19:23] [Server thread/INFO]: OpZero joined the game
[15:24:14] [Server thread/INFO]: OpZero lost connection: Disconnected
[15:24:14] [Server thread/INFO]: OpZero left the game
[15:25:14] [Server thread/INFO]: Server empty for 60 seconds, pausing
[15:26:42] [Server thread/INFO]: OpZero[/127.4.134.30:59259] logged in with entity id 8510 at (560.6588759147472, 78.84375002384186, 1364.5970499794335)
[15:26:42] [Server thread/INFO]: OpZero joined the game
[15:43:25] [Server thread/INFO]: OpZero lost connection: Disconnected
[15:43:25] [Server thread/INFO]: OpZero left the game
[15:44:25] [Server thread/INFO]: Server empty for 60 seconds, pausing
